#
# A fatal error has been detected by the Java Runtime Environment:
#
#  EXCEPTION_UNCAUGHT_CXX_EXCEPTION (0xe06d7363) at pc=0x00007ffcbcc04f69, pid=10164, tid=0x0000000000000e88
#
# JRE version: Java(TM) SE Runtime Environment (8.0_321-b07) (build 1.8.0_321-b07)
# Java VM: Java HotSpot(TM) 64-Bit Server VM (25.321-b07 mixed mode windows-amd64 compressed oops)
# Problematic frame:
# C  [KERNELBASE.dll+0x34f69]
#
# Failed to write core dump. Minidumps are not enabled by default on client versions of Windows
#
# If you would like to submit a bug report, please visit:
#   http://bugreport.java.com/bugreport/crash.jsp
# The crash happened outside the Java Virtual Machine in native code.
# See problematic frame for where to report the bug.
#

---------------  T H R E A D  ---------------

Current thread (0x000001eb7bb1b000):  JavaThread "main" [_thread_in_native, id=3720, stack(0x000000b7f4a00000,0x000000b7f4bf0000)]

siginfo: ExceptionCode=0xe06d7363, ExceptionInformation=0x0000000019930520 0x000000b7f4be67e0 0x00007ffcb77dec18 0x00007ffcb7760000 

Registers:
RAX=0x00007ffcb777d104, RBX=0x00007ffcb77dec18, RCX=0x000000b7f4be5bb8, RDX=0x000000b7f4be5bf0
RSP=0x000000b7f4be6620, RBP=0x000000b7f4be68d9, RSI=0x000000b7f4be67e0, RDI=0x0000000019930520
R8 =0x0000000000000012, R9 =0x000001eb79c7dcf0, R10=0x0000000000000050, R11=0x0000000000000046
R12=0x000000b7f4be6968, R13=0x000001eb66541c90, R14=0x000001eb6654d090, R15=0x0000000000000000
RIP=0x00007ffcbcc04f69, EFLAGS=0x0000000000000202

Top of Stack: (sp=0x000000b7f4be6620)
0x000000b7f4be6620:   000001eb1deaef90 00007ffcb77dec18
0x000000b7f4be6630:   000000b7f4be67e0 0000000000000001
0x000000b7f4be6640:   00000001e06d7363 0000000000000000
0x000000b7f4be6650:   00007ffcbcc04f69 000000b700000004
0x000000b7f4be6660:   0000000019930520 000000b7f4be67e0
0x000000b7f4be6670:   00007ffcb77dec18 00007ffcb7760000
0x000000b7f4be6680:   000001eb66541c90 000000b7f4be6968
0x000000b7f4be6690:   000000b7f4be67e0 000000b7f4be68d9
0x000000b7f4be66a0:   000000b7f4be6720 00007ffcbf1e4a5f
0x000000b7f4be66b0:   0000000019930520 0000000000000000
0x000000b7f4be66c0:   0000000000000000 00007ffcb7769174
0x000000b7f4be66d0:   00007ffcb77e6000 00007ffcb7760000
0x000000b7f4be66e0:   000042bdd8017985 0000000000000003
0x000000b7f4be66f0:   00007ffcb77dec18 00007ffca3766220
0x000000b7f4be6700:   000000b7f4be67a0 000000b7f4be68d9
0x000000b7f4be6710:   000000b7f4be6888 00007ffcb777fd03 

Instructions: (pc=0x00007ffcbcc04f69)
0x00007ffcbcc04f49:   8b d1 44 0f 47 c0 44 89 44 24 38 49 c1 e0 03 e8
0x00007ffcbcc04f59:   0a d7 05 00 48 8d 4c 24 20 48 ff 15 0f 9f 18 00
0x00007ffcbcc04f69:   0f 1f 44 00 00 48 8b 8c 24 c0 00 00 00 48 33 cc
0x00007ffcbcc04f79:   e8 32 98 05 00 48 81 c4 d8 00 00 00 c3 cc 83 64 


Register to memory mapping:

RAX=0x00007ffcb777d104 is an unknown value
RBX=0x00007ffcb77dec18 is an unknown value
RCX=0x000000b7f4be5bb8 is pointing into the stack for thread: 0x000001eb7bb1b000
RDX=0x000000b7f4be5bf0 is pointing into the stack for thread: 0x000001eb7bb1b000
RSP=0x000000b7f4be6620 is pointing into the stack for thread: 0x000001eb7bb1b000
RBP=0x000000b7f4be68d9 is pointing into the stack for thread: 0x000001eb7bb1b000
RSI=0x000000b7f4be67e0 is pointing into the stack for thread: 0x000001eb7bb1b000
RDI=0x0000000019930520 is an unknown value
R8 =0x0000000000000012 is an unknown value
R9 =0x000001eb79c7dcf0 is an unknown value
R10=0x0000000000000050 is an unknown value
R11=0x0000000000000046 is an unknown value
R12=0x000000b7f4be6968 is pointing into the stack for thread: 0x000001eb7bb1b000
R13=0x000001eb66541c90 is an unknown value
R14=0x000001eb6654d090 is an unknown value
R15=0x0000000000000000 is an unknown value


Stack: [0x000000b7f4a00000,0x000000b7f4bf0000],  sp=0x000000b7f4be6620,  free space=1945k
Native frames: (J=compiled Java code, j=interpreted, Vv=VM code, C=native code)
C  [KERNELBASE.dll+0x34f69]
C  [VCRUNTIME140.dll+0x6220]
C  0x00007ffcb77949f7
C  0x00007ffcb779d885
C  0x00007ffcb7792565
C  0x000001eb01aca02e

Java frames: (J=compiled Java code, j=interpreted, Vv=VM code)
j  org.jpype.manager.TypeFactoryNative.newWrapper(JJ)V+0
j  org.jpype.JPypeContext.newWrapper(J)V+16
v  ~StubRoutines::call_stub
j  org.jpype.manager.TypeFactoryNative.newWrapper(JJ)V+0
j  org.jpype.JPypeContext.newWrapper(J)V+16
v  ~StubRoutines::call_stub
j  org.jpype.manager.TypeFactoryNative.newWrapper(JJ)V+0
j  org.jpype.JPypeContext.newWrapper(J)V+16
v  ~StubRoutines::call_stub
j  org.jpype.manager.TypeFactoryNative.newWrapper(JJ)V+0
j  org.jpype.JPypeContext.newWrapper(J)V+16
v  ~StubRoutines::call_stub

---------------  P R O C E S S  ---------------

Java Threads: ( => current thread )
  0x000001eb14a9e000 JavaThread "Python Reference Queue" daemon [_thread_blocked, id=14292, stack(0x000000b7fc410000,0x000000b7fc600000)]
  0x000001eb1494d800 JavaThread "Service Thread" daemon [_thread_blocked, id=28640, stack(0x000000b7fc030000,0x000000b7fc220000)]
  0x000001eb68461000 JavaThread "C1 CompilerThread3" daemon [_thread_blocked, id=25124, stack(0x000000b7fbe40000,0x000000b7fc030000)]
  0x000001eb6845e800 JavaThread "C2 CompilerThread2" daemon [_thread_blocked, id=6484, stack(0x000000b7fbc50000,0x000000b7fbe40000)]
  0x000001eb68460000 JavaThread "C2 CompilerThread1" daemon [_thread_blocked, id=30212, stack(0x000000b7fba60000,0x000000b7fbc50000)]
  0x000001eb68462800 JavaThread "C2 CompilerThread0" daemon [_thread_blocked, id=32052, stack(0x000000b7fb870000,0x000000b7fba60000)]
  0x000001eb14863800 JavaThread "Attach Listener" daemon [_thread_blocked, id=32012, stack(0x000000b7fb680000,0x000000b7fb870000)]
  0x000001eb14862800 JavaThread "Signal Dispatcher" daemon [_thread_blocked, id=21708, stack(0x000000b7fb490000,0x000000b7fb680000)]
  0x000001eb14843800 JavaThread "Finalizer" daemon [_thread_blocked, id=22416, stack(0x000000b7fb2a0000,0x000000b7fb490000)]
  0x000001eb7b544800 JavaThread "Reference Handler" daemon [_thread_blocked, id=32424, stack(0x000000b7fb0b0000,0x000000b7fb2a0000)]
=>0x000001eb7bb1b000 JavaThread "main" [_thread_in_native, id=3720, stack(0x000000b7f4a00000,0x000000b7f4bf0000)]

Other Threads:
  0x000001eb7bfa2000 VMThread [stack: 0x000000b7faec0000,0x000000b7fb0b0000] [id=6320]
  0x000001eb7bf69800 WatcherThread [stack: 0x000000b7fc220000,0x000000b7fc410000] [id=25280]

VM state:not at safepoint (normal execution)

VM Mutex/Monitor currently owned by a thread: None

heap address: 0x00000000c0000000, size: 1024 MB, Compressed Oops mode: 32-bit
Narrow klass base: 0x0000000000000000, Narrow klass shift: 3
Compressed class space size: 1073741824 Address: 0x0000000100000000

Heap:
 PSYoungGen      total 268800K, used 6387K [0x00000000eab00000, 0x00000000fbc00000, 0x0000000100000000)
  eden space 258048K, 2% used [0x00000000eab00000,0x00000000eb13cd90,0x00000000fa700000)
  from space 10752K, 0% used [0x00000000fb180000,0x00000000fb180000,0x00000000fbc00000)
  to   space 10752K, 0% used [0x00000000fa700000,0x00000000fa700000,0x00000000fb180000)
 ParOldGen       total 172032K, used 72553K [0x00000000c0000000, 0x00000000ca800000, 0x00000000eab00000)
  object space 172032K, 42% used [0x00000000c0000000,0x00000000c46da650,0x00000000ca800000)
 Metaspace       used 13464K, capacity 14110K, committed 14336K, reserved 1060864K
  class space    used 2050K, capacity 2214K, committed 2304K, reserved 1048576K

Card table byte_map: [0x000001eb00840000,0x000001eb00a50000] byte_map_base: 0x000001eb00240000

Marking Bits: (ParMarkBitMap*) 0x0000000001ab9030
 Begin Bits: [0x000001eb10ab0000, 0x000001eb11ab0000)
 End Bits:   [0x000001eb11ab0000, 0x000001eb12ab0000)

Polling page: 0x000001eb00450000

CodeCache: size=245760Kb used=8595Kb max_used=8607Kb free=237164Kb
 bounds [0x000001eb01ab0000, 0x000001eb02330000, 0x000001eb10ab0000]
 total_blobs=2821 nmethods=2450 adapters=282
 compilation: enabled

Compilation events (10 events):
Event: 4.694 Thread 0x000001eb68460000 2466       4       java.lang.Class$MethodArray::removeByNameAndDescriptor (42 bytes)
Event: 4.694 Thread 0x000001eb68461000 2467       3       java.lang.Class$MethodArray::remove (39 bytes)
Event: 4.695 Thread 0x000001eb68461000 nmethod 2467 0x000001eb01c262d0 code [0x000001eb01c26460, 0x000001eb01c26b30]
Event: 4.695 Thread 0x000001eb68461000 2468       3       org.jpype.manager.MethodResolution::isCovered (48 bytes)
Event: 4.695 Thread 0x000001eb68461000 nmethod 2468 0x000001eb022bbe90 code [0x000001eb022bc040, 0x000001eb022bc5d0]
Event: 4.695 Thread 0x000001eb68461000 2469       3       org.jpype.manager.TypeManager::isCallerSensitive (88 bytes)
Event: 4.696 Thread 0x000001eb68461000 nmethod 2469 0x000001eb022ba890 code [0x000001eb022baac0, 0x000001eb022bb8f0]
Event: 4.696 Thread 0x000001eb68461000 2470       3       java.lang.Class::copyMethods (36 bytes)
Event: 4.696 Thread 0x000001eb68461000 nmethod 2470 0x000001eb022b9790 code [0x000001eb022b9980, 0x000001eb022ba380]
Event: 4.699 Thread 0x000001eb68460000 nmethod 2466 0x000001eb022b5ed0 code [0x000001eb022b6040, 0x000001eb022b6408]

GC Heap History (10 events):
Event: 3.840 GC heap before
{Heap before GC invocations=21 (full 9):
 PSYoungGen      total 268800K, used 10720K [0x00000000eab00000, 0x00000000fbc00000, 0x0000000100000000)
  eden space 258048K, 0% used [0x00000000eab00000,0x00000000eab00000,0x00000000fa700000)
  from space 10752K, 99% used [0x00000000fb180000,0x00000000fbbf8038,0x00000000fbc00000)
  to   space 10752K, 0% used [0x00000000fa700000,0x00000000fa700000,0x00000000fb180000)
 ParOldGen       total 172032K, used 49150K [0x00000000c0000000, 0x00000000ca800000, 0x00000000eab00000)
  object space 172032K, 28% used [0x00000000c0000000,0x00000000c2fff998,0x00000000ca800000)
 Metaspace       used 13264K, capacity 13856K, committed 14080K, reserved 1060864K
  class space    used 2032K, capacity 2177K, committed 2304K, reserved 1048576K
Event: 3.993 GC heap after
Heap after GC invocations=21 (full 9):
 PSYoungGen      total 268800K, used 0K [0x00000000eab00000, 0x00000000fbc00000, 0x0000000100000000)
  eden space 258048K, 0% used [0x00000000eab00000,0x00000000eab00000,0x00000000fa700000)
  from space 10752K, 0% used [0x00000000fb180000,0x00000000fb180000,0x00000000fbc00000)
  to   space 10752K, 0% used [0x00000000fa700000,0x00000000fa700000,0x00000000fb180000)
 ParOldGen       total 172032K, used 57834K [0x00000000c0000000, 0x00000000ca800000, 0x00000000eab00000)
  object space 172032K, 33% used [0x00000000c0000000,0x00000000c387a910,0x00000000ca800000)
 Metaspace       used 13264K, capacity 13856K, committed 14080K, reserved 1060864K
  class space    used 2032K, capacity 2177K, committed 2304K, reserved 1048576K
}
Event: 4.096 GC heap before
{Heap before GC invocations=22 (full 9):
 PSYoungGen      total 268800K, used 131134K [0x00000000eab00000, 0x00000000fbc00000, 0x0000000100000000)
  eden space 258048K, 50% used [0x00000000eab00000,0x00000000f2b0f9d8,0x00000000fa700000)
  from space 10752K, 0% used [0x00000000fb180000,0x00000000fb180000,0x00000000fbc00000)
  to   space 10752K, 0% used [0x00000000fa700000,0x00000000fa700000,0x00000000fb180000)
 ParOldGen       total 172032K, used 57834K [0x00000000c0000000, 0x00000000ca800000, 0x00000000eab00000)
  object space 172032K, 33% used [0x00000000c0000000,0x00000000c387a910,0x00000000ca800000)
 Metaspace       used 13264K, capacity 13856K, committed 14080K, reserved 1060864K
  class space    used 2032K, capacity 2177K, committed 2304K, reserved 1048576K
Event: 4.106 GC heap after
Heap after GC invocations=22 (full 9):
 PSYoungGen      total 268800K, used 10752K [0x00000000eab00000, 0x00000000fbc00000, 0x0000000100000000)
  eden space 258048K, 0% used [0x00000000eab00000,0x00000000eab00000,0x00000000fa700000)
  from space 10752K, 100% used [0x00000000fa700000,0x00000000fb180000,0x00000000fb180000)
  to   space 10752K, 0% used [0x00000000fb180000,0x00000000fb180000,0x00000000fbc00000)
 ParOldGen       total 172032K, used 62226K [0x00000000c0000000, 0x00000000ca800000, 0x00000000eab00000)
  object space 172032K, 36% used [0x00000000c0000000,0x00000000c3cc4910,0x00000000ca800000)
 Metaspace       used 13264K, capacity 13856K, committed 14080K, reserved 1060864K
  class space    used 2032K, capacity 2177K, committed 2304K, reserved 1048576K
}
Event: 4.107 GC heap before
{Heap before GC invocations=23 (full 10):
 PSYoungGen      total 268800K, used 10752K [0x00000000eab00000, 0x00000000fbc00000, 0x0000000100000000)
  eden space 258048K, 0% used [0x00000000eab00000,0x00000000eab00000,0x00000000fa700000)
  from space 10752K, 100% used [0x00000000fa700000,0x00000000fb180000,0x00000000fb180000)
  to   space 10752K, 0% used [0x00000000fb180000,0x00000000fb180000,0x00000000fbc00000)
 ParOldGen       total 172032K, used 62226K [0x00000000c0000000, 0x00000000ca800000, 0x00000000eab00000)
  object space 172032K, 36% used [0x00000000c0000000,0x00000000c3cc4910,0x00000000ca800000)
 Metaspace       used 13264K, capacity 13856K, committed 14080K, reserved 1060864K
  class space    used 2032K, capacity 2177K, committed 2304K, reserved 1048576K
Event: 4.306 GC heap after
Heap after GC invocations=23 (full 10):
 PSYoungGen      total 268800K, used 0K [0x00000000eab00000, 0x00000000fbc00000, 0x0000000100000000)
  eden space 258048K, 0% used [0x00000000eab00000,0x00000000eab00000,0x00000000fa700000)
  from space 10752K, 0% used [0x00000000fa700000,0x00000000fa700000,0x00000000fb180000)
  to   space 10752K, 0% used [0x00000000fb180000,0x00000000fb180000,0x00000000fbc00000)
 ParOldGen       total 172032K, used 68694K [0x00000000c0000000, 0x00000000ca800000, 0x00000000eab00000)
  object space 172032K, 39% used [0x00000000c0000000,0x00000000c4315808,0x00000000ca800000)
 Metaspace       used 13264K, capacity 13856K, committed 14080K, reserved 1060864K
  class space    used 2032K, capacity 2177K, committed 2304K, reserved 1048576K
}
Event: 4.401 GC heap before
{Heap before GC invocations=24 (full 10):
 PSYoungGen      total 268800K, used 90256K [0x00000000eab00000, 0x00000000fbc00000, 0x0000000100000000)
  eden space 258048K, 34% used [0x00000000eab00000,0x00000000f0324288,0x00000000fa700000)
  from space 10752K, 0% used [0x00000000fa700000,0x00000000fa700000,0x00000000fb180000)
  to   space 10752K, 0% used [0x00000000fb180000,0x00000000fb180000,0x00000000fbc00000)
 ParOldGen       total 172032K, used 68694K [0x00000000c0000000, 0x00000000ca800000, 0x00000000eab00000)
  object space 172032K, 39% used [0x00000000c0000000,0x00000000c4315808,0x00000000ca800000)
 Metaspace       used 13355K, capacity 13926K, committed 14080K, reserved 1060864K
  class space    used 2034K, capacity 2178K, committed 2304K, reserved 1048576K
Event: 4.409 GC heap after
Heap after GC invocations=24 (full 10):
 PSYoungGen      total 268800K, used 9675K [0x00000000eab00000, 0x00000000fbc00000, 0x0000000100000000)
  eden space 258048K, 0% used [0x00000000eab00000,0x00000000eab00000,0x00000000fa700000)
  from space 10752K, 89% used [0x00000000fb180000,0x00000000fbaf2cc0,0x00000000fbc00000)
  to   space 10752K, 0% used [0x00000000fa700000,0x00000000fa700000,0x00000000fb180000)
 ParOldGen       total 172032K, used 68694K [0x00000000c0000000, 0x00000000ca800000, 0x00000000eab00000)
  object space 172032K, 39% used [0x00000000c0000000,0x00000000c4315808,0x00000000ca800000)
 Metaspace       used 13355K, capacity 13926K, committed 14080K, reserved 1060864K
  class space    used 2034K, capacity 2178K, committed 2304K, reserved 1048576K
}
Event: 4.409 GC heap before
{Heap before GC invocations=25 (full 11):
 PSYoungGen      total 268800K, used 9675K [0x00000000eab00000, 0x00000000fbc00000, 0x0000000100000000)
  eden space 258048K, 0% used [0x00000000eab00000,0x00000000eab00000,0x00000000fa700000)
  from space 10752K, 89% used [0x00000000fb180000,0x00000000fbaf2cc0,0x00000000fbc00000)
  to   space 10752K, 0% used [0x00000000fa700000,0x00000000fa700000,0x00000000fb180000)
 ParOldGen       total 172032K, used 68694K [0x00000000c0000000, 0x00000000ca800000, 0x00000000eab00000)
  object space 172032K, 39% used [0x00000000c0000000,0x00000000c4315808,0x00000000ca800000)
 Metaspace       used 13355K, capacity 13926K, committed 14080K, reserved 1060864K
  class space    used 2034K, capacity 2178K, committed 2304K, reserved 1048576K
Event: 4.586 GC heap after
Heap after GC invocations=25 (full 11):
 PSYoungGen      total 268800K, used 0K [0x00000000eab00000, 0x00000000fbc00000, 0x0000000100000000)
  eden space 258048K, 0% used [0x00000000eab00000,0x00000000eab00000,0x00000000fa700000)
  from space 10752K, 0% used [0x00000000fb180000,0x00000000fb180000,0x00000000fbc00000)
  to   space 10752K, 0% used [0x00000000fa700000,0x00000000fa700000,0x00000000fb180000)
 ParOldGen       total 172032K, used 72553K [0x00000000c0000000, 0x00000000ca800000, 0x00000000eab00000)
  object space 172032K, 42% used [0x00000000c0000000,0x00000000c46da650,0x00000000ca800000)
 Metaspace       used 13355K, capacity 13926K, committed 14080K, reserved 1060864K
  class space    used 2034K, capacity 2178K, committed 2304K, reserved 1048576K
}

Deoptimization events (10 events):
Event: 3.798 Thread 0x000001eb7bb1b000 Uncommon trap: reason=bimorphic action=maybe_recompile pc=0x000001eb0229831c method=scala.collection.immutable.HashMap$HashTrieMap.updated0(Ljava/lang/Object;IILjava/lang/Object;Lscala/Tuple2;Lscala/collection/immutable/HashMap$Merger;)Lscala/collection/i
Event: 3.799 Thread 0x000001eb7bb1b000 Uncommon trap: reason=bimorphic action=maybe_recompile pc=0x000001eb0229831c method=scala.collection.immutable.HashMap$HashTrieMap.updated0(Ljava/lang/Object;IILjava/lang/Object;Lscala/Tuple2;Lscala/collection/immutable/HashMap$Merger;)Lscala/collection/i
Event: 3.799 Thread 0x000001eb7bb1b000 Uncommon trap: reason=bimorphic action=maybe_recompile pc=0x000001eb0229831c method=scala.collection.immutable.HashMap$HashTrieMap.updated0(Ljava/lang/Object;IILjava/lang/Object;Lscala/Tuple2;Lscala/collection/immutable/HashMap$Merger;)Lscala/collection/i
Event: 3.799 Thread 0x000001eb7bb1b000 Uncommon trap: reason=bimorphic action=maybe_recompile pc=0x000001eb0229831c method=scala.collection.immutable.HashMap$HashTrieMap.updated0(Ljava/lang/Object;IILjava/lang/Object;Lscala/Tuple2;Lscala/collection/immutable/HashMap$Merger;)Lscala/collection/i
Event: 4.334 Thread 0x000001eb7bb1b000 Uncommon trap: reason=class_check action=maybe_recompile pc=0x000001eb0228ac9c method=scala.collection.mutable.MapBuilder.$plus$eq(Lscala/Tuple2;)Lscala/collection/mutable/MapBuilder; @ 6
Event: 4.334 Thread 0x000001eb7bb1b000 Uncommon trap: reason=class_check action=maybe_recompile pc=0x000001eb0228ac9c method=scala.collection.mutable.MapBuilder.$plus$eq(Lscala/Tuple2;)Lscala/collection/mutable/MapBuilder; @ 6
Event: 4.334 Thread 0x000001eb7bb1b000 Uncommon trap: reason=class_check action=maybe_recompile pc=0x000001eb0228ac9c method=scala.collection.mutable.MapBuilder.$plus$eq(Lscala/Tuple2;)Lscala/collection/mutable/MapBuilder; @ 6
Event: 4.334 Thread 0x000001eb7bb1b000 Uncommon trap: reason=class_check action=maybe_recompile pc=0x000001eb0228ac9c method=scala.collection.mutable.MapBuilder.$plus$eq(Lscala/Tuple2;)Lscala/collection/mutable/MapBuilder; @ 6
Event: 4.334 Thread 0x000001eb7bb1b000 Uncommon trap: reason=class_check action=maybe_recompile pc=0x000001eb0228a7b8 method=scala.collection.mutable.MapBuilder.$plus$eq(Lscala/Tuple2;)Lscala/collection/mutable/MapBuilder; @ 6
Event: 4.391 Thread 0x000001eb7bb1b000 Uncommon trap: reason=unstable_if action=reinterpret pc=0x000001eb01f73fd0 method=scala.collection.immutable.HashMap$HashTrieMap.get0(Ljava/lang/Object;II)Lscala/Option; @ 13

Classes redefined (0 events):
No events

Internal exceptions (10 events):
Event: 3.461 Thread 0x000001eb7bb1b000 Exception <a 'java/lang/NoSuchMethodError': java.lang.Object.$anonfun$sorted$1$adapted([Ljava/lang/Object;Lscala/runtime/IntRef;Ljava/lang/Object;)Ljava/lang/Object;> (0x00000000eb5b99f0) thrown at [C:\jenkins\workspace\8-2-build-windows-amd64-cygwin\jdk8
Event: 3.462 Thread 0x000001eb7bb1b000 Exception <a 'java/lang/NoSuchMethodError': java.lang.Object.$anonfun$count$1$adapted(Lscala/Function1;Lscala/runtime/IntRef;Ljava/lang/Object;)Ljava/lang/Object;> (0x00000000eb5c2eb8) thrown at [C:\jenkins\workspace\8-2-build-windows-amd64-cygwin\jdk8u32
Event: 3.477 Thread 0x000001eb7bb1b000 Exception <a 'java/lang/NoSuchMethodError': java.lang.Object.$anonfun$sliding$1(Lscala/collection/IterableLike;Lscala/collection/Seq;)Ljava/lang/Object;> (0x00000000eb624ad8) thrown at [C:\jenkins\workspace\8-2-build-windows-amd64-cygwin\jdk8u321\2141\hot
Event: 3.482 Thread 0x000001eb7bb1b000 Exception <a 'java/lang/NoSuchMethodError': java.lang.Object.$anonfun$sum$1(Lscala/math/Numeric;Ljava/lang/Object;Ljava/lang/Object;)Ljava/lang/Object;> (0x00000000eb73cd28) thrown at [C:\jenkins\workspace\8-2-build-windows-amd64-cygwin\jdk8u321\2141\hots
Event: 3.549 Thread 0x000001eb7bb1b000 Exception <a 'java/lang/NoSuchMethodError': java.lang.Object.$anonfun$distinct$1(Lscala/collection/mutable/Builder;Lscala/collection/mutable/HashSet;Ljava/lang/Object;)Ljava/lang/Object;> (0x00000000edab5650) thrown at [C:\jenkins\workspace\8-2-build-wind
Event: 3.569 Thread 0x000001eb7bb1b000 Exception <a 'java/lang/NoSuchMethodError': java.lang.Object.$anonfun$releaseVersion$1$adapted(Ljava/lang/String;)Ljava/lang/Object;> (0x00000000edb66278) thrown at [C:\jenkins\workspace\8-2-build-windows-amd64-cygwin\jdk8u321\2141\hotspot\src\share\vm\in
Event: 3.570 Thread 0x000001eb7bb1b000 Exception <a 'java/lang/NoSuchMethodError': java.lang.Object.$anonfun$releaseVersion$2(Ljava/lang/String;)Ljava/lang/String;> (0x00000000edb70710) thrown at [C:\jenkins\workspace\8-2-build-windows-amd64-cygwin\jdk8u321\2141\hotspot\src\share\vm\interprete
Event: 3.570 Thread 0x000001eb7bb1b000 Exception <a 'java/lang/NoSuchMethodError': java.lang.Object.$anonfun$developmentVersion$1$adapted(Ljava/lang/String;)Ljava/lang/Object;> (0x00000000edb748a8) thrown at [C:\jenkins\workspace\8-2-build-windows-amd64-cygwin\jdk8u321\2141\hotspot\src\share\v
Event: 3.571 Thread 0x000001eb7bb1b000 Exception <a 'java/lang/NoSuchMethodError': java.lang.Object.$anonfun$developmentVersion$2(Lscala/util/PropertiesTrait;Ljava/lang/String;)Lscala/Option;> (0x00000000edb78670) thrown at [C:\jenkins\workspace\8-2-build-windows-amd64-cygwin\jdk8u321\2141\hot
Event: 4.615 Thread 0x000001eb7bb1b000 Exception <a 'java/lang/NoSuchMethodError': java.lang.Object.$anonfun$filterImpl$1(Lscala/Function1;ZLscala/collection/mutable/Builder;Ljava/lang/Object;)Ljava/lang/Object;> (0x00000000eab6c528) thrown at [C:\jenkins\workspace\8-2-build-windows-amd64-cygw

Events (10 events):
Event: 4.612 loading class scala/collection/mutable/ArrayOps$ofRef$
Event: 4.612 loading class scala/collection/mutable/ArrayOps$ofRef$ done
Event: 4.613 loading class scala/reflect/ClassTag$
Event: 4.613 loading class scala/reflect/ClassTag$ done
Event: 4.615 loading class scala/reflect/ClassTag$GenericClassTag
Event: 4.615 loading class scala/reflect/ClassTag$GenericClassTag done
Event: 4.615 loading class scala/Function1
Event: 4.615 loading class scala/Function1 done
Event: 4.616 loading class scala/Function1
Event: 4.616 loading class scala/Function1 done


Dynamic libraries:
0x00007ff63cc80000 - 0x00007ff63cc9c000 	C:\Users\Huitaek\anaconda3\python.exe
0x00007ffcbf1b0000 - 0x00007ffcbf3a5000 	C:\Windows\SYSTEM32\ntdll.dll
0x00007ffcbe940000 - 0x00007ffcbe9fe000 	C:\Windows\System32\KERNEL32.DLL
0x00007ffcbcbd0000 - 0x00007ffcbce98000 	C:\Windows\System32\KERNELBASE.dll
0x00007ffcbd110000 - 0x00007ffcbd210000 	C:\Windows\System32\ucrtbase.dll
0x00007ffca3760000 - 0x00007ffca3779000 	C:\Users\Huitaek\anaconda3\VCRUNTIME140.dll
0x00007ffc5ad20000 - 0x00007ffc5b152000 	C:\Users\Huitaek\anaconda3\python38.dll
0x00007ffcbf110000 - 0x00007ffcbf165000 	C:\Windows\System32\SHLWAPI.dll
0x00007ffcbf070000 - 0x00007ffcbf10e000 	C:\Windows\System32\msvcrt.dll
0x00007ffcbdf80000 - 0x00007ffcbdfeb000 	C:\Windows\System32\WS2_32.dll
0x00007ffcbd8c0000 - 0x00007ffcbd9e5000 	C:\Windows\System32\RPCRT4.dll
0x00007ffcbd9f0000 - 0x00007ffcbda9e000 	C:\Windows\System32\ADVAPI32.dll
0x00007ffcbef70000 - 0x00007ffcbf00c000 	C:\Windows\System32\sechost.dll
0x00007ffcad710000 - 0x00007ffcad71a000 	C:\Windows\SYSTEM32\VERSION.dll
0x00007ffcbc280000 - 0x00007ffcbc298000 	C:\Windows\SYSTEM32\CRYPTSP.dll
0x00007ffcbb9a0000 - 0x00007ffcbb9d4000 	C:\Windows\system32\rsaenh.dll
0x00007ffcbc960000 - 0x00007ffcbc987000 	C:\Windows\System32\bcrypt.dll
0x00007ffcbc2a0000 - 0x00007ffcbc2ac000 	C:\Windows\SYSTEM32\CRYPTBASE.dll
0x00007ffcbc8d0000 - 0x00007ffcbc952000 	C:\Windows\System32\bcryptPrimitives.dll
0x00007ffcb80b0000 - 0x00007ffcb80bf000 	C:\Users\Huitaek\anaconda3\python3.DLL
0x00007ffca00a0000 - 0x00007ffca00b7000 	C:\Users\Huitaek\anaconda3\DLLs\_bz2.pyd
0x00007ffc87210000 - 0x00007ffc8723a000 	C:\Users\Huitaek\anaconda3\DLLs\_lzma.pyd
0x00007ffcaf1e0000 - 0x00007ffcaf200000 	C:\Users\Huitaek\anaconda3\DLLs\_ctypes.pyd
0x00007ffcbd700000 - 0x00007ffcbd82a000 	C:\Windows\System32\ole32.dll
0x00007ffcbd2f0000 - 0x00007ffcbd644000 	C:\Windows\System32\combase.dll
0x00007ffcbd650000 - 0x00007ffcbd67b000 	C:\Windows\System32\GDI32.dll
0x00007ffcbca50000 - 0x00007ffcbca72000 	C:\Windows\System32\win32u.dll
0x00007ffcbcea0000 - 0x00007ffcbcfab000 	C:\Windows\System32\gdi32full.dll
0x00007ffcbca80000 - 0x00007ffcbcb1d000 	C:\Windows\System32\msvcp_win.dll
0x00007ffcac8d0000 - 0x00007ffcac8db000 	C:\Users\Huitaek\anaconda3\DLLs\libffi-7.dll
0x00007ffcbebe0000 - 0x00007ffcbed80000 	C:\Windows\System32\USER32.dll
0x00007ffcbed80000 - 0x00007ffcbee4d000 	C:\Windows\System32\OLEAUT32.dll
0x00007ffcbe910000 - 0x00007ffcbe940000 	C:\Windows\System32\IMM32.DLL
0x00007ffcbdff0000 - 0x00007ffcbe734000 	C:\Windows\System32\shell32.DLL
0x00007ffc7c520000 - 0x00007ffc7c52d000 	C:\Users\Huitaek\anaconda3\DLLs\_hashlib.pyd
0x00007ffc56fc0000 - 0x00007ffc5730a000 	C:\Users\Huitaek\anaconda3\Library\bin\libcrypto-1_1-x64.dll
0x00007ffcaf240000 - 0x00007ffcaf257000 	C:\Users\Huitaek\anaconda3\DLLs\_sqlite3.pyd
0x00007ffc5abc0000 - 0x00007ffc5ad1c000 	C:\Users\Huitaek\anaconda3\Library\bin\sqlite3.dll
0x00007ffcaf200000 - 0x00007ffcaf216000 	C:\Users\Huitaek\anaconda3\DLLs\_socket.pyd
0x00007ffcbbd30000 - 0x00007ffcbbd6b000 	C:\Windows\SYSTEM32\IPHLPAPI.DLL
0x00007ffcaf280000 - 0x00007ffcaf289000 	C:\Users\Huitaek\anaconda3\DLLs\select.pyd
0x00007ffc87f50000 - 0x00007ffc87f77000 	C:\Users\Huitaek\anaconda3\DLLs\_ssl.pyd
0x00007ffcbcfb0000 - 0x00007ffcbd106000 	C:\Windows\System32\CRYPT32.dll
0x00007ffc735c0000 - 0x00007ffc7366c000 	C:\Users\Huitaek\anaconda3\Library\bin\libssl-1_1-x64.dll
0x00007ffca6210000 - 0x00007ffca6222000 	C:\Users\Huitaek\anaconda3\DLLs\_asyncio.pyd
0x00007ffca3790000 - 0x00007ffca379d000 	C:\Users\Huitaek\anaconda3\DLLs\_overlapped.pyd
0x00007ffcbc090000 - 0x00007ffcbc0fa000 	C:\Windows\system32\mswsock.dll
0x00007ffcb5e30000 - 0x00007ffcb5e39000 	C:\Users\Huitaek\anaconda3\DLLs\_queue.pyd
0x00007ffc734b0000 - 0x00007ffc735be000 	C:\Users\Huitaek\anaconda3\DLLs\unicodedata.pyd
0x00007ffca1200000 - 0x00007ffca1216000 	C:\Users\Huitaek\anaconda3\lib\site-packages\zmq\backend\cython\constants.cp38-win_amd64.pyd
0x00007ffca3780000 - 0x00007ffca378c000 	C:\Users\Huitaek\anaconda3\lib\site-packages\zmq\backend\cython\error.cp38-win_amd64.pyd
0x00007ffc709f0000 - 0x00007ffc70a67000 	C:\Users\Huitaek\anaconda3\Library\bin\libzmq-mt-4_3_3.dll
0x00007ffca4730000 - 0x00007ffca47bd000 	C:\Windows\SYSTEM32\MSVCP140.dll
0x00007ffca48e0000 - 0x00007ffca48ec000 	C:\Windows\SYSTEM32\VCRUNTIME140_1.dll
0x00007ffc74230000 - 0x00007ffc7427f000 	C:\Users\Huitaek\anaconda3\Library\bin\libsodium.dll
0x00007ffc7c250000 - 0x00007ffc7c269000 	C:\Users\Huitaek\anaconda3\lib\site-packages\zmq\backend\cython\message.cp38-win_amd64.pyd
0x00007ffc7c230000 - 0x00007ffc7c244000 	C:\Users\Huitaek\anaconda3\lib\site-packages\zmq\backend\cython\context.cp38-win_amd64.pyd
0x00007ffc7b230000 - 0x00007ffc7b253000 	C:\Users\Huitaek\anaconda3\lib\site-packages\zmq\backend\cython\socket.cp38-win_amd64.pyd
0x00007ffca3730000 - 0x00007ffca373e000 	C:\Users\Huitaek\anaconda3\lib\site-packages\zmq\backend\cython\utils.cp38-win_amd64.pyd
0x00007ffc769a0000 - 0x00007ffc769b4000 	C:\Users\Huitaek\anaconda3\lib\site-packages\zmq\backend\cython\_poll.cp38-win_amd64.pyd
0x00007ffc9c800000 - 0x00007ffc9c80c000 	C:\Users\Huitaek\anaconda3\lib\site-packages\zmq\backend\cython\_version.cp38-win_amd64.pyd
0x00007ffc76980000 - 0x00007ffc76992000 	C:\Users\Huitaek\anaconda3\lib\site-packages\zmq\backend\cython\_device.cp38-win_amd64.pyd
0x00007ffc87390000 - 0x00007ffc873a0000 	C:\Users\Huitaek\anaconda3\lib\site-packages\zmq\backend\cython\_proxy_steerable.cp38-win_amd64.pyd
0x00007ffc873b0000 - 0x00007ffc873b7000 	C:\Users\Huitaek\anaconda3\lib\site-packages\tornado\speedups.cp38-win_amd64.pyd
0x00007ffc715b0000 - 0x00007ffc715f3000 	C:\Users\Huitaek\anaconda3\DLLs\_decimal.pyd
0x00007ffca4220000 - 0x00007ffca4227000 	C:\Windows\system32\wshunix.dll
0x00007ffcbb170000 - 0x00007ffcbb182000 	C:\Windows\SYSTEM32\kernel.appcore.dll
0x00007ffcbee50000 - 0x00007ffcbee58000 	C:\Windows\System32\NSI.dll
0x00007ffcad9b0000 - 0x00007ffcad9c7000 	C:\Windows\SYSTEM32\dhcpcsvc6.DLL
0x00007ffcad720000 - 0x00007ffcad73d000 	C:\Windows\SYSTEM32\dhcpcsvc.DLL
0x00007ffcbbd80000 - 0x00007ffcbbe4a000 	C:\Windows\SYSTEM32\DNSAPI.dll
0x000000006fd00000 - 0x000000006fd24000 	C:\Users\Huitaek\anaconda3\lib\site-packages\win32\win32api.pyd
0x000000006fcd0000 - 0x000000006fcf7000 	C:\Users\Huitaek\anaconda3\lib\site-packages\win32\pywintypes38.dll
0x00007ffca11f0000 - 0x00007ffca11fc000 	C:\Windows\SYSTEM32\secur32.dll
0x00007ffcbc7c0000 - 0x00007ffcbc7f2000 	C:\Windows\SYSTEM32\SSPICLI.DLL
0x000000006fbf0000 - 0x000000006fc17000 	C:\Users\Huitaek\anaconda3\lib\site-packages\win32\win32security.pyd
0x00007ffca39e0000 - 0x00007ffca39fa000 	C:\Windows\SYSTEM32\NETAPI32.dll
0x00007ffcbbd70000 - 0x00007ffcbbd7c000 	C:\Windows\SYSTEM32\NETUTILS.DLL
0x000001eb22620000 - 0x000001eb22623000 	C:\Windows\SYSTEM32\security.dll
0x00007ffc73480000 - 0x00007ffc734aa000 	C:\Windows\SYSTEM32\ntdsapi.dll
0x00007ffcbbea0000 - 0x00007ffcbbee4000 	C:\Windows\SYSTEM32\LOGONCLI.DLL
0x00007ffcbee60000 - 0x00007ffcbef0d000 	C:\Windows\System32\shcore.dll
0x0000000066d80000 - 0x0000000068b11000 	C:\Users\Huitaek\anaconda3\lib\site-packages\numpy\.libs\libopenblas.WCDJNK7YVMPZQ2ME2ZZHJJRJ3JIKNDB7.gfortran-win_amd64.dll
0x00007ffc6cc60000 - 0x00007ffc6cf29000 	C:\Users\Huitaek\anaconda3\lib\site-packages\numpy\core\_multiarray_umath.cp38-win_amd64.pyd
0x00007ffcafb10000 - 0x00007ffcafb2f000 	C:\Users\Huitaek\anaconda3\lib\site-packages\numpy\core\_multiarray_tests.cp38-win_amd64.pyd
0x00007ffcb5e70000 - 0x00007ffcb5e79000 	C:\Users\Huitaek\anaconda3\lib\site-packages\numpy\linalg\lapack_lite.cp38-win_amd64.pyd
0x00007ffcaf2a0000 - 0x00007ffcaf2ca000 	C:\Users\Huitaek\anaconda3\lib\site-packages\numpy\linalg\_umath_linalg.cp38-win_amd64.pyd
0x00007ffcae1a0000 - 0x00007ffcae1c0000 	C:\Users\Huitaek\anaconda3\lib\site-packages\numpy\fft\_pocketfft_internal.cp38-win_amd64.pyd
0x00007ffcae110000 - 0x00007ffcae1a0000 	C:\Users\Huitaek\anaconda3\lib\site-packages\numpy\random\mtrand.cp38-win_amd64.pyd
0x00007ffcae0e0000 - 0x00007ffcae109000 	C:\Users\Huitaek\anaconda3\lib\site-packages\numpy\random\bit_generator.cp38-win_amd64.pyd
0x00007ffc9cd40000 - 0x00007ffc9cd72000 	C:\Users\Huitaek\anaconda3\lib\site-packages\numpy\random\_common.cp38-win_amd64.pyd
0x00007ffc8dea0000 - 0x00007ffc8dee0000 	C:\Users\Huitaek\anaconda3\lib\site-packages\numpy\random\_bounded_integers.cp38-win_amd64.pyd
0x00007ffc8de80000 - 0x00007ffc8de98000 	C:\Users\Huitaek\anaconda3\lib\site-packages\numpy\random\_mt19937.cp38-win_amd64.pyd
0x00007ffc8de60000 - 0x00007ffc8de77000 	C:\Users\Huitaek\anaconda3\lib\site-packages\numpy\random\_philox.cp38-win_amd64.pyd
0x00007ffc8dd00000 - 0x00007ffc8dd15000 	C:\Users\Huitaek\anaconda3\lib\site-packages\numpy\random\_pcg64.cp38-win_amd64.pyd
0x00007ffc879f0000 - 0x00007ffc87a02000 	C:\Users\Huitaek\anaconda3\lib\site-packages\numpy\random\_sfc64.cp38-win_amd64.pyd
0x00007ffc73f30000 - 0x00007ffc73fd5000 	C:\Users\Huitaek\anaconda3\lib\site-packages\numpy\random\_generator.cp38-win_amd64.pyd
0x00007ffc716b0000 - 0x00007ffc717bc000 	C:\Users\Huitaek\anaconda3\lib\site-packages\pandas\_libs\interval.cp38-win_amd64.pyd
0x00007ffc6cb60000 - 0x00007ffc6cc58000 	C:\Users\Huitaek\anaconda3\lib\site-packages\pandas\_libs\hashtable.cp38-win_amd64.pyd
0x00007ffc87510000 - 0x00007ffc8753b000 	C:\Users\Huitaek\anaconda3\lib\site-packages\pandas\_libs\missing.cp38-win_amd64.pyd
0x00007ffc86be0000 - 0x00007ffc86bfe000 	C:\Users\Huitaek\anaconda3\lib\site-packages\pandas\_libs\tslibs\dtypes.cp38-win_amd64.pyd
0x00007ffc7f470000 - 0x00007ffc7f4ac000 	C:\Users\Huitaek\anaconda3\lib\site-packages\pandas\_libs\tslibs\conversion.cp38-win_amd64.pyd
0x00007ffcb5e40000 - 0x00007ffcb5e4f000 	C:\Users\Huitaek\anaconda3\lib\site-packages\pandas\_libs\tslibs\base.cp38-win_amd64.pyd
0x00007ffc75ed0000 - 0x00007ffc75f02000 	C:\Users\Huitaek\anaconda3\lib\site-packages\pandas\_libs\tslibs\nattype.cp38-win_amd64.pyd
0x00007ffcafb00000 - 0x00007ffcafb0f000 	C:\Users\Huitaek\anaconda3\lib\site-packages\pandas\_libs\tslibs\np_datetime.cp38-win_amd64.pyd
0x00007ffc75e90000 - 0x00007ffc75ec4000 	C:\Users\Huitaek\anaconda3\lib\site-packages\pandas\_libs\tslibs\timezones.cp38-win_amd64.pyd
0x00007ffc75c40000 - 0x00007ffc75c7c000 	C:\Users\Huitaek\anaconda3\lib\site-packages\pandas\_libs\tslibs\tzconversion.cp38-win_amd64.pyd
0x00007ffc7c210000 - 0x00007ffc7c222000 	C:\Users\Huitaek\anaconda3\lib\site-packages\pandas\_libs\tslibs\ccalendar.cp38-win_amd64.pyd
0x00007ffc74650000 - 0x00007ffc746a1000 	C:\Users\Huitaek\anaconda3\lib\site-packages\pandas\_libs\tslibs\parsing.cp38-win_amd64.pyd
0x00007ffc6ca90000 - 0x00007ffc6cb58000 	C:\Users\Huitaek\anaconda3\lib\site-packages\pandas\_libs\tslibs\offsets.cp38-win_amd64.pyd
0x00007ffc73ed0000 - 0x00007ffc73f2d000 	C:\Users\Huitaek\anaconda3\lib\site-packages\pandas\_libs\tslibs\timedeltas.cp38-win_amd64.pyd
0x00007ffc71650000 - 0x00007ffc716b0000 	C:\Users\Huitaek\anaconda3\lib\site-packages\pandas\_libs\tslibs\timestamps.cp38-win_amd64.pyd
0x00007ffc73e90000 - 0x00007ffc73ec8000 	C:\Users\Huitaek\anaconda3\lib\site-packages\pandas\_libs\tslibs\fields.cp38-win_amd64.pyd
0x00007ffc72ea0000 - 0x00007ffc72eee000 	C:\Users\Huitaek\anaconda3\lib\site-packages\pandas\_libs\tslibs\strptime.cp38-win_amd64.pyd
0x00007ffc75c20000 - 0x00007ffc75c33000 	C:\Users\Huitaek\anaconda3\lib\site-packages\pandas\_libs\properties.cp38-win_amd64.pyd
0x00007ffc71220000 - 0x00007ffc7127b000 	C:\Users\Huitaek\anaconda3\lib\site-packages\pandas\_libs\tslibs\period.cp38-win_amd64.pyd
0x00007ffc73440000 - 0x00007ffc73474000 	C:\Users\Huitaek\anaconda3\lib\site-packages\pandas\_libs\tslibs\vectorized.cp38-win_amd64.pyd
0x00007ffc74630000 - 0x00007ffc74642000 	C:\Users\Huitaek\anaconda3\lib\site-packages\pandas\_libs\ops_dispatch.cp38-win_amd64.pyd
0x00007ffc6c950000 - 0x00007ffc6ca86000 	C:\Users\Huitaek\anaconda3\lib\site-packages\pandas\_libs\algos.cp38-win_amd64.pyd
0x00007ffc6c8d0000 - 0x00007ffc6c942000 	C:\Users\Huitaek\anaconda3\lib\site-packages\pandas\_libs\lib.cp38-win_amd64.pyd
0x00007ffc72e10000 - 0x00007ffc72e36000 	C:\Users\Huitaek\anaconda3\lib\site-packages\pandas\_libs\tslib.cp38-win_amd64.pyd
0x00007ffc71d20000 - 0x00007ffc71d4b000 	C:\Users\Huitaek\anaconda3\lib\site-packages\pandas\_libs\hashing.cp38-win_amd64.pyd
0x00007ffc71610000 - 0x00007ffc71642000 	C:\Users\Huitaek\anaconda3\lib\site-packages\pandas\_libs\ops.cp38-win_amd64.pyd
0x00007ffc71590000 - 0x00007ffc715a9000 	C:\Users\Huitaek\anaconda3\lib\site-packages\bottleneck\reduce.cp38-win_amd64.pyd
0x00007ffcaf290000 - 0x00007ffcaf29a000 	C:\Users\Huitaek\anaconda3\lib\site-packages\bottleneck\nonreduce.cp38-win_amd64.pyd
0x00007ffcae0a0000 - 0x00007ffcae0af000 	C:\Users\Huitaek\anaconda3\lib\site-packages\bottleneck\nonreduce_axis.cp38-win_amd64.pyd
0x00007ffc71570000 - 0x00007ffc71589000 	C:\Users\Huitaek\anaconda3\lib\site-packages\bottleneck\move.cp38-win_amd64.pyd
0x00007ffc6c850000 - 0x00007ffc6c8c4000 	C:\Users\Huitaek\anaconda3\lib\site-packages\pandas\_libs\index.cp38-win_amd64.pyd

VM Arguments:
jvm_args: -Dfile.encoding=UTF8 -ea -Xmx1024m 
java_command: <unknown>
java_class_path (initial): C:\Users\Huitaek\anaconda3\Lib\site-packages\konlpy\java;C:\Users\Huitaek\anaconda3\Lib\site-packages\konlpy\java\bin;C:\Users\Huitaek\anaconda3\Lib\site-packages\konlpy\java\aho-corasick.jar;C:\Users\Huitaek\anaconda3\Lib\site-packages\konlpy\java\jhannanum-0.8.4.jar;C:\Users\Huitaek\anaconda3\Lib\site-packages\konlpy\java\kkma-2.0.jar;C:\Users\Huitaek\anaconda3\Lib\site-packages\konlpy\java\komoran-3.0.jar;C:\Users\Huitaek\anaconda3\Lib\site-packages\konlpy\java\open-korean-text-2.1.0.jar;C:\Users\Huitaek\anaconda3\Lib\site-packages\konlpy\java\scala-library-2.12.3.jar;C:\Users\Huitaek\anaconda3\Lib\site-packages\konlpy\java\shineware-common-1.0.jar;C:\Users\Huitaek\anaconda3\Lib\site-packages\konlpy\java\shineware-ds-1.0.jar;C:\Users\Huitaek\anaconda3\Lib\site-packages\konlpy\java\snakeyaml-1.12.jar;C:\Users\Huitaek\anaconda3\Lib\site-packages\konlpy\java\twitter-text-1.14.7.jar;C:\Users\Huitaek\anaconda3\Lib\site-packages\konlpy\java\jhannanum-0.8.4.jar;C:\Users\Huitaek\anaconda3\Lib\site-packages\konlpy\java\kkma-2.0.jar;C:\Users\Huitaek\anaconda3\Lib\site-packages\konlpy\java\aho-corasick.jar;C:\Users\Huitaek\anaconda3\Lib\site-packages\konlpy\java\shineware-common-1.0.jar;C:\Users\Huitaek\anaconda3\Lib\site-packages\konlpy\java\shineware-ds-1.0.jar;C:\Users\Huitaek\anaconda3\Lib\site-packages\konlpy\java\komoran-3.0.jar;C:\Users\Huitaek\anaconda3\Lib\site-packages\konlpy\java\snakeyaml-1.12.jar;C:\Users\Huitaek\anaconda3\Lib\site-packages\konlpy\java\scala-library-2.12.3.jar;C:\Users\Huitaek\anaconda3\Lib\site-packages\konlpy\java\open-korean-text-2.1.0.jar;C:\Users\Huitaek\anaconda3\Lib\site-packages\konlpy\java\twitter-text-1.14.7.jar;C:\Users\Huitaek\anaconda3\Lib\site-packages\konlpy\java\aho-corasick.jar;C:\Users\Huitaek\anaconda3\Lib\site-packages\konlpy\java\jhannanum-0.8.4.jar;C:\Users\Huitaek\anaconda3\Lib\site-packages\konlpy\java\kkma-2.0.jar;C:\Users\Huitaek\anaconda3\Lib\site-packages\konlpy\java\komoran-3.0.jar;C:\Us
Launcher Type: generic

Environment Variables:
JAVA_HOME=C:\Program Files\Java\jre1.8.0_321\jre\bin\server
PATH=C:\Users\Huitaek\anaconda3;C:\Users\Huitaek\anaconda3;C:\Users\Huitaek\anaconda3\Library\mingw-w64\bin;C:\Users\Huitaek\anaconda3\Library\usr\bin;C:\Users\Huitaek\anaconda3\Library\bin;C:\Users\Huitaek\anaconda3\Scripts;C:\Users\Huitaek\anaconda3\bin;C:\Users\Huitaek\anaconda3\condabin;C:\Program Files (x86)\Common Files\Oracle\Java\javapath;C:\Program Files (x86)\Common Files\Intel\Shared Libraries\redist\intel64_win\compiler;C:\Windows\system32;C:\Windows;C:\Windows\System32\Wbem;C:\Windows\System32\WindowsPowerShell\v1.0;C:\Windows\System32\OpenSSH;C:\Program Files\Git\cmd;C:\Users\Huitaek\AppData\Local\Microsoft\WindowsApps;.;C:\Users\Huitaek\AppData\Local\Programs\Microsoft VS Code\bin
USERNAME=Huitaek
OS=Windows_NT
PROCESSOR_IDENTIFIER=Intel64 Family 6 Model 140 Stepping 1, GenuineIntel



---------------  S Y S T E M  ---------------

OS: Windows 10 , 64 bit Build 19041 (10.0.19041.1566)

CPU:total 8 (initial active 8) (4 cores per cpu, 2 threads per core) family 6 model 140 stepping 1, cmov, cx8, fxsr, mmx, sse, sse2, sse3, ssse3, sse4.1, sse4.2, popcnt, avx, avx2, aes, clmul, erms, 3dnowpref, lzcnt, ht, tsc, tscinvbit, bmi1, bmi2, adx

Memory: 4k page, physical 16442884k(6417764k free), swap 30582128k(5189796k free)

vm_info: Java HotSpot(TM) 64-Bit Server VM (25.321-b07) for windows-amd64 JRE (1.8.0_321-b07), built on Dec 15 2021 11:19:20 by "java_re" with MS VC++ 15.9 (VS2017)

time: Sun Mar 20 13:15:46 2022
timezone: 대한민국 표준시
elapsed time: 4.790954 seconds (0d 0h 0m 4s)

